This is pdfTeX, Version 3.141592653-2.6-1.40.24 (TeX Live 2022) (preloaded format=pdflatex 2022.11.10)  6 MAY 2023 00:42
entering extended mode
 restricted \write18 enabled.
 file:line:error style messages enabled.
 %&-line parsing enabled.
**/Users/nitrodragonoid/Desktop/study/semester_6/CA/RISC_V_Processor/Report/report
(/Users/nitrodragonoid/Desktop/study/semester_6/CA/RISC_V_Processor/Report/report.tex
LaTeX2e <2021-11-15> patch level 1
L3 programming layer <2022-02-24> (/usr/local/texlive/2022/texmf-dist/tex/latex/base/report.cls
Document Class: report 2021/10/04 v1.4n Standard LaTeX document class
(/usr/local/texlive/2022/texmf-dist/tex/latex/base/size12.clo
File: size12.clo 2021/10/04 v1.4n Standard LaTeX file (size option)
)
\c@part=\count185
\c@chapter=\count186
\c@section=\count187
\c@subsection=\count188
\c@subsubsection=\count189
\c@paragraph=\count190
\c@subparagraph=\count191
\c@figure=\count192
\c@table=\count193
\abovecaptionskip=\skip47
\belowcaptionskip=\skip48
\bibindent=\dimen138
) (/usr/local/texlive/2022/texmf-dist/tex/latex/mwe/mwe.sty
Package: mwe 2018/03/30 v0.5 Package to support minimal working examples (MWE)
 (/usr/local/texlive/2022/texmf-dist/tex/latex/graphics/graphicx.sty
Package: graphicx 2021/09/16 v1.2d Enhanced LaTeX Graphics (DPC,SPQR)
 (/usr/local/texlive/2022/texmf-dist/tex/latex/graphics/keyval.sty
Package: keyval 2014/10/28 v1.15 key=value parser (DPC)
\KV@toks@=\toks16
) (/usr/local/texlive/2022/texmf-dist/tex/latex/graphics/graphics.sty
Package: graphics 2021/03/04 v1.4d Standard LaTeX Graphics (DPC,SPQR)
 (/usr/local/texlive/2022/texmf-dist/tex/latex/graphics/trig.sty
Package: trig 2021/08/11 v1.11 sin cos tan (DPC)
) (/usr/local/texlive/2022/texmf-dist/tex/latex/graphics-cfg/graphics.cfg
File: graphics.cfg 2016/06/04 v1.11 sample graphics configuration
)
Package graphics Info: Driver file: pdftex.def on input line 107.
 (/usr/local/texlive/2022/texmf-dist/tex/latex/graphics-def/pdftex.def
File: pdftex.def 2020/10/05 v1.2a Graphics/color driver for pdftex
))
\Gin@req@height=\dimen139
\Gin@req@width=\dimen140
) (/usr/local/texlive/2022/texmf-dist/tex/latex/lipsum/lipsum.sty (/usr/local/texlive/2022/texmf-dist/tex/latex/l3packages/l3keys2e/l3keys2e.sty (/usr/local/texlive/2022/texmf-dist/tex/latex/l3kernel/expl3.sty
Package: expl3 2022-02-24 L3 programming layer (loader) 
 (/usr/local/texlive/2022/texmf-dist/tex/latex/l3backend/l3backend-pdftex.def
File: l3backend-pdftex.def 2022-02-07 L3 backend support: PDF output (pdfTeX)
\l__color_backend_stack_int=\count194
\l__pdf_internal_box=\box50
))
Package: l3keys2e 2022-01-12 LaTeX2e option processing using LaTeX3 keys
)
Package: lipsum 2021-09-20 v2.7 150 paragraphs of Lorem Ipsum dummy text
\g__lipsum_par_int=\count195
\l__lipsum_a_int=\count196
\l__lipsum_b_int=\count197
 (/usr/local/texlive/2022/texmf-dist/tex/latex/lipsum/lipsum.ltd.tex)) (/usr/local/texlive/2022/texmf-dist/tex/latex/blindtext/blindtext.sty
Package: blindtext 2012/01/06 V2.0 blindtext-Package
 (/usr/local/texlive/2022/texmf-dist/tex/latex/tools/xspace.sty
Package: xspace 2014/10/28 v1.13 Space after command names (DPC,MH)
)
\c@blindtext=\count198
\c@Blindtext=\count199
\c@blind@countparstart=\count266
\blind@countxx=\count267
\blindtext@numBlindtext=\count268
\blind@countyy=\count269
\c@blindlist=\count270
\c@blindlistlevel=\count271
\c@blindlist@level=\count272
\blind@listitem=\count273
\c@blind@listcount=\count274
\c@blind@levelcount=\count275
\blind@mathformula=\count276
\blind@Mathformula=\count277
\c@blind@randomcount=\count278
\c@blind@randommax=\count279
\c@blind@pangramcount=\count280
\c@blind@pangrammax=\count281
)) (/usr/local/texlive/2022/texmf-dist/tex/latex/hyperref/hyperref.sty
Package: hyperref 2022-02-21 v7.00n Hypertext links for LaTeX
 (/usr/local/texlive/2022/texmf-dist/tex/generic/ltxcmds/ltxcmds.sty
Package: ltxcmds 2020-05-10 v1.25 LaTeX kernel commands for general use (HO)
) (/usr/local/texlive/2022/texmf-dist/tex/generic/iftex/iftex.sty
Package: iftex 2022/02/03 v1.0f TeX engine tests
) (/usr/local/texlive/2022/texmf-dist/tex/generic/pdftexcmds/pdftexcmds.sty
Package: pdftexcmds 2020-06-27 v0.33 Utility functions of pdfTeX for LuaTeX (HO)
 (/usr/local/texlive/2022/texmf-dist/tex/generic/infwarerr/infwarerr.sty
Package: infwarerr 2019/12/03 v1.5 Providing info/warning/error messages (HO)
)
Package pdftexcmds Info: \pdf@primitive is available.
Package pdftexcmds Info: \pdf@ifprimitive is available.
Package pdftexcmds Info: \pdfdraftmode found.
) (/usr/local/texlive/2022/texmf-dist/tex/generic/kvsetkeys/kvsetkeys.sty
Package: kvsetkeys 2019/12/15 v1.18 Key value parser (HO)
) (/usr/local/texlive/2022/texmf-dist/tex/generic/kvdefinekeys/kvdefinekeys.sty
Package: kvdefinekeys 2019-12-19 v1.6 Define keys (HO)
) (/usr/local/texlive/2022/texmf-dist/tex/generic/pdfescape/pdfescape.sty
Package: pdfescape 2019/12/09 v1.15 Implements pdfTeX's escape features (HO)
) (/usr/local/texlive/2022/texmf-dist/tex/latex/hycolor/hycolor.sty
Package: hycolor 2020-01-27 v1.10 Color options for hyperref/bookmark (HO)
) (/usr/local/texlive/2022/texmf-dist/tex/latex/letltxmacro/letltxmacro.sty
Package: letltxmacro 2019/12/03 v1.6 Let assignment for LaTeX macros (HO)
) (/usr/local/texlive/2022/texmf-dist/tex/latex/auxhook/auxhook.sty
Package: auxhook 2019-12-17 v1.6 Hooks for auxiliary files (HO)
) (/usr/local/texlive/2022/texmf-dist/tex/latex/kvoptions/kvoptions.sty
Package: kvoptions 2020-10-07 v3.14 Key value format for package options (HO)
)
\@linkdim=\dimen141
\Hy@linkcounter=\count282
\Hy@pagecounter=\count283
 (/usr/local/texlive/2022/texmf-dist/tex/latex/hyperref/pd1enc.def
File: pd1enc.def 2022-02-21 v7.00n Hyperref: PDFDocEncoding definition (HO)
Now handling font encoding PD1 ...
... no UTF-8 mapping file for font encoding PD1
) (/usr/local/texlive/2022/texmf-dist/tex/generic/intcalc/intcalc.sty
Package: intcalc 2019/12/15 v1.3 Expandable calculations with integers (HO)
) (/usr/local/texlive/2022/texmf-dist/tex/generic/etexcmds/etexcmds.sty
Package: etexcmds 2019/12/15 v1.7 Avoid name clashes with e-TeX commands (HO)
)
\Hy@SavedSpaceFactor=\count284
 (/usr/local/texlive/2022/texmf-dist/tex/latex/hyperref/puenc.def
File: puenc.def 2022-02-21 v7.00n Hyperref: PDF Unicode definition (HO)
Now handling font encoding PU ...
... no UTF-8 mapping file for font encoding PU
)
Package hyperref Info: Hyper figures OFF on input line 4137.
Package hyperref Info: Link nesting OFF on input line 4142.
Package hyperref Info: Hyper index ON on input line 4145.
Package hyperref Info: Plain pages OFF on input line 4152.
Package hyperref Info: Backreferencing OFF on input line 4157.
Package hyperref Info: Implicit mode ON; LaTeX internals redefined.
Package hyperref Info: Bookmarks ON on input line 4390.
\c@Hy@tempcnt=\count285
 (/usr/local/texlive/2022/texmf-dist/tex/latex/url/url.sty
\Urlmuskip=\muskip16
Package: url 2013/09/16  ver 3.4  Verb mode for urls, etc.
)
LaTeX Info: Redefining \url on input line 4749.
\XeTeXLinkMargin=\dimen142
 (/usr/local/texlive/2022/texmf-dist/tex/generic/bitset/bitset.sty
Package: bitset 2019/12/09 v1.3 Handle bit-vector datatype (HO)
 (/usr/local/texlive/2022/texmf-dist/tex/generic/bigintcalc/bigintcalc.sty
Package: bigintcalc 2019/12/15 v1.5 Expandable calculations on big integers (HO)
))
\Fld@menulength=\count286
\Field@Width=\dimen143
\Fld@charsize=\dimen144
Package hyperref Info: Hyper figures OFF on input line 6027.
Package hyperref Info: Link nesting OFF on input line 6032.
Package hyperref Info: Hyper index ON on input line 6035.
Package hyperref Info: backreferencing OFF on input line 6042.
Package hyperref Info: Link coloring OFF on input line 6047.
Package hyperref Info: Link coloring with OCG OFF on input line 6052.
Package hyperref Info: PDF/A mode OFF on input line 6057.
LaTeX Info: Redefining \ref on input line 6097.
LaTeX Info: Redefining \pageref on input line 6101.
 (/usr/local/texlive/2022/texmf-dist/tex/latex/base/atbegshi-ltx.sty
Package: atbegshi-ltx 2021/01/10 v1.0c Emulation of the original atbegshi
package with kernel methods
)
\Hy@abspage=\count287
\c@Item=\count288
\c@Hfootnote=\count289
)
Package hyperref Info: Driver (autodetected): hpdftex.
 (/usr/local/texlive/2022/texmf-dist/tex/latex/hyperref/hpdftex.def
File: hpdftex.def 2022-02-21 v7.00n Hyperref driver for pdfTeX
 (/usr/local/texlive/2022/texmf-dist/tex/latex/base/atveryend-ltx.sty
Package: atveryend-ltx 2020/08/19 v1.0a Emulation of the original atveryend package
with kernel methods
)
\Fld@listcount=\count290
\c@bookmark@seq@number=\count291
 (/usr/local/texlive/2022/texmf-dist/tex/latex/rerunfilecheck/rerunfilecheck.sty
Package: rerunfilecheck 2019/12/05 v1.9 Rerun checks for auxiliary files (HO)
 (/usr/local/texlive/2022/texmf-dist/tex/generic/uniquecounter/uniquecounter.sty
Package: uniquecounter 2019/12/15 v1.4 Provide unlimited unique counter (HO)
)
Package uniquecounter Info: New unique counter `rerunfilecheck' on input line 286.
)
\Hy@SectionHShift=\skip49
) (./report.aux)
\openout1 = `report.aux'.

LaTeX Font Info:    Checking defaults for OML/cmm/m/it on input line 12.
LaTeX Font Info:    ... okay on input line 12.
LaTeX Font Info:    Checking defaults for OMS/cmsy/m/n on input line 12.
LaTeX Font Info:    ... okay on input line 12.
LaTeX Font Info:    Checking defaults for OT1/cmr/m/n on input line 12.
LaTeX Font Info:    ... okay on input line 12.
LaTeX Font Info:    Checking defaults for T1/cmr/m/n on input line 12.
LaTeX Font Info:    ... okay on input line 12.
LaTeX Font Info:    Checking defaults for TS1/cmr/m/n on input line 12.
LaTeX Font Info:    ... okay on input line 12.
LaTeX Font Info:    Checking defaults for OMX/cmex/m/n on input line 12.
LaTeX Font Info:    ... okay on input line 12.
LaTeX Font Info:    Checking defaults for U/cmr/m/n on input line 12.
LaTeX Font Info:    ... okay on input line 12.
LaTeX Font Info:    Checking defaults for PD1/pdf/m/n on input line 12.
LaTeX Font Info:    ... okay on input line 12.
LaTeX Font Info:    Checking defaults for PU/pdf/m/n on input line 12.
LaTeX Font Info:    ... okay on input line 12.
 (/usr/local/texlive/2022/texmf-dist/tex/context/base/mkii/supp-pdf.mkii
[Loading MPS to PDF converter (version 2006.09.02).]
\scratchcounter=\count292
\scratchdimen=\dimen145
\scratchbox=\box51
\nofMPsegments=\count293
\nofMParguments=\count294
\everyMPshowfont=\toks17
\MPscratchCnt=\count295
\MPscratchDim=\dimen146
\MPnumerator=\count296
\makeMPintoPDFobject=\count297
\everyMPtoPDFconversion=\toks18
) (/usr/local/texlive/2022/texmf-dist/tex/latex/epstopdf-pkg/epstopdf-base.sty
Package: epstopdf-base 2020-01-24 v2.11 Base part for package epstopdf
Package epstopdf-base Info: Redefining graphics rule for `.eps' on input line 485.
 (/usr/local/texlive/2022/texmf-dist/tex/latex/latexconfig/epstopdf-sys.cfg
File: epstopdf-sys.cfg 2010/07/13 v1.3 Configuration of (r)epstopdf for TeX Live
))
Package hyperref Info: Link coloring OFF on input line 12.
 (/usr/local/texlive/2022/texmf-dist/tex/latex/hyperref/nameref.sty
Package: nameref 2021-04-02 v2.47 Cross-referencing by name of section
 (/usr/local/texlive/2022/texmf-dist/tex/latex/refcount/refcount.sty
Package: refcount 2019/12/15 v3.6 Data extraction from label references (HO)
) (/usr/local/texlive/2022/texmf-dist/tex/generic/gettitlestring/gettitlestring.sty
Package: gettitlestring 2019/12/15 v1.6 Cleanup title references (HO)
)
\c@section@level=\count298
)
LaTeX Info: Redefining \ref on input line 12.
LaTeX Info: Redefining \pageref on input line 12.
LaTeX Info: Redefining \nameref on input line 12.
 (./report.out) (./report.out)
\@outlinefile=\write3
\openout3 = `report.out'.

<uhulogo.jpg, id=4, 218.8175pt x 231.86626pt>
File: uhulogo.jpg Graphic file (type jpg)
<use uhulogo.jpg>
Package pdftex.def Info: uhulogo.jpg  used on input line 30.
(pdftex.def)             Requested size: 175.05423pt x 185.49324pt.
 [1

{/usr/local/texlive/2022/texmf-var/fonts/map/pdftex/updmap/pdftex.map} <./uhulogo.jpg>]
<is1.png, id=14, 384.43625pt x 591.20876pt>
File: is1.png Graphic file (type png)
<use is1.png>
Package pdftex.def Info: is1.png  used on input line 54.
(pdftex.def)             Requested size: 192.21765pt x 295.60365pt.
<is2.png, id=16, 565.11125pt x 622.325pt>
File: is2.png Graphic file (type png)
<use is2.png>
Package pdftex.def Info: is2.png  used on input line 55.
(pdftex.def)             Requested size: 282.55493pt x 311.16173pt.
<is3.png, id=17, 538.01pt x 301.125pt>
File: is3.png Graphic file (type png)
<use is3.png>
Package pdftex.def Info: is3.png  used on input line 56.
(pdftex.def)             Requested size: 269.00433pt x 150.56212pt.
<mc.png, id=18, 669.50125pt x 551.05875pt>
File: mc.png Graphic file (type png)
<use mc.png>
Package pdftex.def Info: mc.png  used on input line 58.
(pdftex.def)             Requested size: 334.7498pt x 275.52869pt.
<sc top 1.png, id=19, 541.02126pt x 544.0325pt>
File: sc top 1.png Graphic file (type png)
<use sc top 1.png>
Package pdftex.def Info: sc top 1.png  used on input line 62.
(pdftex.def)             Requested size: 270.50996pt x 272.01558pt.
<sc top 2.png, id=20, 643.40375pt x 522.95375pt>
File: sc top 2.png Graphic file (type png)
<use sc top 2.png>
Package pdftex.def Info: sc top 2.png  used on input line 63.
(pdftex.def)             Requested size: 321.70108pt x 261.47623pt.
<sc top 3.png, id=21, 544.0325pt x 403.5075pt>
File: sc top 3.png Graphic file (type png)
<use sc top 3.png>
Package pdftex.def Info: sc top 3.png  used on input line 64.
(pdftex.def)             Requested size: 272.01558pt x 201.75325pt.
<sc test 1.png, id=22, 527.9725pt x 551.05875pt>
File: sc test 1.png Graphic file (type png)
<use sc test 1.png>
Package pdftex.def Info: sc test 1.png  used on input line 66.
(pdftex.def)             Requested size: 263.9856pt x 275.52869pt.
<sc test 2.png, id=23, 418.56375pt x 188.705pt>
File: sc test 2.png Graphic file (type png)
<use sc test 2.png>
Package pdftex.def Info: sc test 2.png  used on input line 67.
(pdftex.def)             Requested size: 209.28136pt x 94.35226pt.
<sc ep 1.png, id=24, 639.38875pt x 297.11pt>
File: sc ep 1.png Graphic file (type png)
<use sc ep 1.png>
Package pdftex.def Info: sc ep 1.png  used on input line 69.
(pdftex.def)             Requested size: 319.69359pt x 148.55463pt.
<sc ep 2.png, id=25, 636.3775pt x 202.7575pt>
File: sc ep 2.png Graphic file (type png)
<use sc ep 2.png>
Package pdftex.def Info: sc ep 2.png  used on input line 70.
(pdftex.def)             Requested size: 318.18797pt x 101.3785pt.
<pipe top 1.png, id=26, 588.1975pt x 565.11125pt>
File: pipe top 1.png Graphic file (type png)
<use pipe top 1.png>
Package pdftex.def Info: pipe top 1.png  used on input line 78.
(pdftex.def)             Requested size: 294.09802pt x 282.55493pt.
<pipe top 2.png, id=27, 523.9575pt x 575.14874pt>
File: pipe top 2.png Graphic file (type png)
<use pipe top 2.png>
Package pdftex.def Info: pipe top 2.png  used on input line 79.
(pdftex.def)             Requested size: 261.9781pt x 287.57367pt.
<pipe top 3.png, id=28, 381.425pt x 235.88126pt>
File: pipe top 3.png Graphic file (type png)
<use pipe top 3.png>
Package pdftex.def Info: pipe top 3.png  used on input line 80.
(pdftex.def)             Requested size: 190.71202pt x 117.94034pt.
<pipe top 4.png, id=29, 655.44875pt x 600.2425pt>
File: pipe top 4.png Graphic file (type png)
<use pipe top 4.png>
Package pdftex.def Info: pipe top 4.png  used on input line 81.
(pdftex.def)             Requested size: 327.72357pt x 300.12051pt.
<pipe top 5.png, id=30, 681.54625pt x 396.48125pt>
File: pipe top 5.png Graphic file (type png)
<use pipe top 5.png>
Package pdftex.def Info: pipe top 5.png  used on input line 82.
(pdftex.def)             Requested size: 340.7723pt x 198.24013pt.
<pipe top 6.png, id=31, 603.25375pt x 434.62375pt>
File: pipe top 6.png Graphic file (type png)
<use pipe top 6.png>
Package pdftex.def Info: pipe top 6.png  used on input line 83.
(pdftex.def)             Requested size: 301.62613pt x 217.31134pt.
<pipe test 1.png, id=32, 466.74374pt x 540.0175pt>
File: pipe test 1.png Graphic file (type png)
<use pipe test 1.png>
Package pdftex.def Info: pipe test 1.png  used on input line 85.
(pdftex.def)             Requested size: 233.37129pt x 270.00809pt.
<pipe test 2.png, id=33, 473.77pt x 610.28pt>
File: pipe test 2.png Graphic file (type png)
<use pipe test 2.png>
Package pdftex.def Info: pipe test 2.png  used on input line 86.
(pdftex.def)             Requested size: 236.88441pt x 305.13925pt.
<pipe test 3.png, id=34, 449.68pt x 178.6675pt>
File: pipe test 3.png Graphic file (type png)
<use pipe test 3.png>
Package pdftex.def Info: pipe test 3.png  used on input line 87.
(pdftex.def)             Requested size: 224.83945pt x 89.33353pt.
<pipe ep 1.png, id=35, 636.3775pt x 324.21124pt>
File: pipe ep 1.png Graphic file (type png)
<use pipe ep 1.png>
Package pdftex.def Info: pipe ep 1.png  used on input line 89.
(pdftex.def)             Requested size: 318.18797pt x 162.10522pt.
<pipe ep 2.png, id=36, 636.3775pt x 223.83624pt>
File: pipe ep 2.png Graphic file (type png)
<use pipe ep 2.png>
Package pdftex.def Info: pipe ep 2.png  used on input line 90.
(pdftex.def)             Requested size: 318.18797pt x 111.91785pt.
<pipe ep 3.png, id=37, 634.37pt x 83.31125pt>
File: pipe ep 3.png Graphic file (type png)
<use pipe ep 3.png>
Package pdftex.def Info: pipe ep 3.png  used on input line 91.
(pdftex.def)             Requested size: 317.18422pt x 41.65552pt.

pdfTeX warning (ext4): destination with the same identifier (name{page.1}) has been already used, duplicate ignored
<to be read again> 
                   \relax 
l.95 \section
             *{Challenges} [1 <./is1.png>] [2 <./is2.png> <./is3.png>] [3 <./mc.png>] [4 <./sc top 1.png>] [5 <./sc top 2.png> <./sc top 3.png>] [6 <./sc test 1.png> <./sc test 2.png> <./sc ep 1.png>] [7 <./sc ep 2.png>] [8 <./pipe top 1.png> <./pipe top 2.png>] [9 <./pipe top 3.png> <./pipe top 4.png>] [10 <./pipe top 5.png> <./pipe top 6.png>] [11 <./pipe test 1.png> <./pipe test 2.png>] [12 <./pipe test 3.png> <./pipe ep 1.png> <./pipe ep 2.png> <./pipe ep 3.png>] [13]
LaTeX Font Info:    External font `cmex10' loaded for size
(Font)              <12> on input line 122.
LaTeX Font Info:    External font `cmex10' loaded for size
(Font)              <8> on input line 122.
LaTeX Font Info:    External font `cmex10' loaded for size
(Font)              <6> on input line 122.
 [14] (./report.aux)
Package rerunfilecheck Info: File `report.out' has not changed.
(rerunfilecheck)             Checksum: D41D8CD98F00B204E9800998ECF8427E;0.
 ) 
Here is how much of TeX's memory you used:
 8947 strings out of 478268
 146497 string characters out of 5846346
 520928 words of memory out of 5000000
 27011 multiletter control sequences out of 15000+600000
 474966 words of font info for 47 fonts, out of 8000000 for 9000
 1141 hyphenation exceptions out of 8191
 83i,5n,91p,340b,361s stack positions out of 10000i,1000n,20000p,200000b,200000s
{/usr/local/texlive/2022/texmf-dist/fonts/enc/dvips/cm-super/cm-super-ts1.enc}</usr/local/texlive/2022/texmf-dist/fonts/type1/public/amsfonts/cm/cmbx12.pfb></usr/local/texlive/2022/texmf-dist/fonts/type1/public/amsfonts/cm/cmcsc10.pfb></usr/local/texlive/2022/texmf-dist/fonts/type1/public/amsfonts/cm/cmr12.pfb></usr/local/texlive/2022/texmf-dist/fonts/type1/public/amsfonts/cm/cmti12.pfb></usr/local/texlive/2022/texmf-dist/fonts/type1/public/amsfonts/cm/cmtt12.pfb></usr/local/texlive/2022/texmf-dist/fonts/type1/public/cm-super/sfrm1200.pfb>
Output written on report.pdf (15 pages, 5190278 bytes).
PDF statistics:
 164 PDF objects out of 1000 (max. 8388607)
 87 compressed objects within 1 object stream
 21 named destinations out of 1000 (max. 500000)
 121 words of extra memory for PDF output out of 10000 (max. 10000000)

